<?xml version="1.0" encoding="UTF-8" ?>
<testsuite tests="1" failures="1" name="com.mscharhag.jmine.runner.Test" time="0.13" errors="0" skipped="0">
  <properties>
[...]
</properties>
  <testcase classname="com.mscharhag.jmine.runner.Test" name="Tests for Math\u002C when two numbers are added\u002C it should add two elements" time="0.012">
    <failure message="expected:&lt;5&gt; but was:&lt;4&gt;" type="java.lang.AssertionError">java.lang.AssertionError: expected:&lt;5&gt; but was:&lt;4&gt;
	at org.junit.Assert.fail(Assert.java:88)
	at org.junit.Assert.failNotEquals(Assert.java:743)
	at org.junit.Assert.assertEquals(Assert.java:118)
	at org.junit.Assert.assertEquals(Assert.java:555)
	at org.junit.Assert.assertEquals(Assert.java:542)
	at com.mscharhag.jmine.runner.Test.lambda$null$0(Test.java:15)
	at com.mscharhag.jmine.runner.Test$$Lambda$5/1973538135.run(Unknown Source)
	at com.mscharhag.jmine.runner.SpecStatement.evaluate(SpecStatement.java:21)
	at org.junit.runners.ParentRunner.runLeaf(ParentRunner.java:271)
	at com.mscharhag.jmine.runner.JMineRunner.runChild(JMineRunner.java:44)
	at com.mscharhag.jmine.runner.JMineRunner.runChild(JMineRunner.java:10)
	at org.junit.runners.ParentRunner$3.run(ParentRunner.java:238)
	at org.junit.runners.ParentRunner$1.schedule(ParentRunner.java:63)
	at org.junit.runners.ParentRunner.runChildren(ParentRunner.java:236)
	at org.junit.runners.ParentRunner.access$000(ParentRunner.java:53)
	at org.junit.runners.ParentRunner$2.evaluate(ParentRunner.java:229)
	at org.junit.runners.ParentRunner.run(ParentRunner.java:309)
	at org.apache.maven.surefire.junit4.JUnit4TestSet.execute(JUnit4TestSet.java:53)
	at org.apache.maven.surefire.junit4.JUnit4Provider.executeTestSet(JUnit4Provider.java:123)
	at org.apache.maven.surefire.junit4.JUnit4Provider.invoke(JUnit4Provider.java:104)
	at sun.reflect.NativeMethodAccessorImpl.invoke0(Native Method)
	at sun.reflect.NativeMethodAccessorImpl.invoke(NativeMethodAccessorImpl.java:62)
	at sun.reflect.DelegatingMethodAccessorImpl.invoke(DelegatingMethodAccessorImpl.java:43)
	at java.lang.reflect.Method.invoke(Method.java:483)
	at org.apache.maven.surefire.util.ReflectionUtils.invokeMethodWithArray(ReflectionUtils.java:164)
	at org.apache.maven.surefire.booter.ProviderFactory$ProviderProxy.invoke(ProviderFactory.java:110)
	at org.apache.maven.surefire.booter.SurefireStarter.invokeProvider(SurefireStarter.java:175)
	at org.apache.maven.surefire.booter.SurefireStarter.runSuitesInProcessWhenForked(SurefireStarter.java:107)
	at org.apache.maven.surefire.booter.ForkedBooter.main(ForkedBooter.java:68)
</failure>
    <system-out>found 1 specs
description: Tests for Math, when two numbers are added, it should add two elements
</system-out>
  </testcase>
</testsuite>